C:\Program Files\Microsoft Visual Studio\2022\Community\MSBuild\Microsoft\VC\v170\Microsoft.CppBuild.targets(524,5): warning MSB8004: Output Directory does not end with a trailing slash.  This build instance will add the slash as it is required to allow proper evaluation of the Output Directory.
  EulerOperations.cpp
  main.cpp
  Generating Code...
D:\E\courses\Fall2025-CG\Assignments\howework3source\HW3\Rendering.h(169,22): warning C4244: '=': conversion from 'double' to 'float', possible loss of data
  (compiling source file 'main.cpp')
  
D:\E\courses\Fall2025-CG\Assignments\howework3source\HW3\Rendering.h(170,22): warning C4244: '=': conversion from 'double' to 'float', possible loss of data
  (compiling source file 'main.cpp')
  
D:\E\courses\Fall2025-CG\Assignments\howework3source\HW3\Rendering.h(176,19): warning C4244: '=': conversion from 'double' to 'float', possible loss of data
  (compiling source file 'main.cpp')
  
D:\E\courses\Fall2025-CG\Assignments\howework3source\HW3\Rendering.h(177,19): warning C4244: '=': conversion from 'double' to 'float', possible loss of data
  (compiling source file 'main.cpp')
  
D:\E\courses\Fall2025-CG\Assignments\howework3source\HW3\Rendering.h(179,21): warning C4244: 'initializing': conversion from 'double' to 'float', possible loss of data
  (compiling source file 'main.cpp')
  
D:\E\courses\Fall2025-CG\Assignments\howework3source\HW3\Rendering.h(193,23): warning C4244: 'initializing': conversion from 'double' to 'float', possible loss of data
  (compiling source file 'main.cpp')
  
D:\E\courses\Fall2025-CG\Assignments\howework3source\HW3\Rendering.h(194,23): warning C4244: 'initializing': conversion from 'double' to 'float', possible loss of data
  (compiling source file 'main.cpp')
  
D:\E\courses\Fall2025-CG\Assignments\howework3source\HW3\Rendering.h(195,18): warning C4244: '=': conversion from 'double' to 'float', possible loss of data
  (compiling source file 'main.cpp')
  
D:\E\courses\Fall2025-CG\Assignments\howework3source\HW3\Rendering.h(196,18): warning C4244: '=': conversion from 'double' to 'float', possible loss of data
  (compiling source file 'main.cpp')
  
D:\E\courses\Fall2025-CG\Assignments\howework3source\HW3\main.cpp(164,28): warning C4244: 'initializing': conversion from 'double' to 'float', possible loss of data
D:\E\courses\Fall2025-CG\Assignments\howework3source\HW3\main.cpp(187,56): warning C4267: 'argument': conversion from 'size_t' to 'GLsizei', possible loss of data
  glad.c
LINK : warning LNK4098: defaultlib 'MSVCRT' conflicts with use of other libs; use /NODEFAULTLIB:library
  HW3.vcxproj -> D:\E\courses\Fall2025-CG\Assignments\howework3source\bin\HW3d.exe
